<?xml version="1.0" encoding="UTF-8"?>
<!-- Generated by org.testng.reporters.JUnitReportReporter -->
<testsuite hostname="KISHORESTEVE" failures="0" tests="1" name="scripts.Tc3" time="0.002" errors="0" timestamp="2022-12-30T20:48:46 IST" skipped="0">
  <testcase classname="scripts.Tc3" name="demo" time="0.002"/>
  <system-out>
    <![CDATA[hello Python]]>
  </system-out>
</testsuite> <!-- scripts.Tc3 -->
