<?xml version="1.0" encoding="UTF-8"?>
<!-- Generated by org.testng.reporters.JUnitReportReporter -->
<testsuite hostname="KISHORESTEVE" failures="0" tests="1" name="scripts.Tc1" time="0.011" errors="0" timestamp="2022-12-30T20:48:46 IST" skipped="0">
  <testcase classname="scripts.Tc1" name="demo" time="0.011"/>
  <system-out>
    <![CDATA[hello java]]>
  </system-out>
</testsuite> <!-- scripts.Tc1 -->
